<?xml version="1.0" encoding="UTF-8"?>
<testsuite name="com.accenture.lkm.test.controller.MaterialControllerTest" time="0.332" tests="1" errors="0" skipped="0" failures="1">
  <properties>
[...]
</properties>
  <testcase name="indexMaterialControllerTest" classname="com.accenture.lkm.test.controller.MaterialControllerTest" time="0.332">
    <failure message="Response content expected:&lt;Welcome to Spring Boot Material Service API!&gt; but was:&lt;Hello,Welcome to Spring Boot Material Service API!&gt;" type="java.lang.AssertionError"><![CDATA[java.lang.AssertionError: Response content expected:<Welcome to Spring Boot Material Service API!> but was:<Hello,Welcome to Spring Boot Material Service API!>
	at org.springframework.test.util.AssertionErrors.fail(AssertionErrors.java:54)
	at org.springframework.test.util.AssertionErrors.assertEquals(AssertionErrors.java:81)
	at org.springframework.test.web.servlet.result.ContentResultMatchers$5.match(ContentResultMatchers.java:149)
	at org.springframework.test.web.servlet.MockMvc$1.andExpect(MockMvc.java:171)
	at com.accenture.lkm.test.controller.MaterialControllerTest.indexMaterialControllerTest(MaterialControllerTest.java:38)
]]></failure>
    <system-out><![CDATA[11:02:06.572 [main] DEBUG org.springframework.test.context.junit4.SpringJUnit4ClassRunner - SpringJUnit4ClassRunner constructor called with [class com.accenture.lkm.test.controller.MaterialControllerTest]
11:02:06.603 [main] DEBUG org.springframework.test.context.BootstrapUtils - Instantiating CacheAwareContextLoaderDelegate from class [org.springframework.test.context.cache.DefaultCacheAwareContextLoaderDelegate]
11:02:06.619 [main] DEBUG org.springframework.test.context.BootstrapUtils - Instantiating BootstrapContext using constructor [public org.springframework.test.context.support.DefaultBootstrapContext(java.lang.Class,org.springframework.test.context.CacheAwareContextLoaderDelegate)]
11:02:06.656 [main] DEBUG org.springframework.test.context.BootstrapUtils - Instantiating TestContextBootstrapper for test class [com.accenture.lkm.test.controller.MaterialControllerTest] from class [org.springframework.boot.test.autoconfigure.web.servlet.WebMvcTestContextBootstrapper]
11:02:06.688 [main] INFO org.springframework.boot.test.autoconfigure.web.servlet.WebMvcTestContextBootstrapper - Neither @ContextConfiguration nor @ContextHierarchy found for test class [com.accenture.lkm.test.controller.MaterialControllerTest], using SpringBootContextLoader
11:02:06.703 [main] DEBUG org.springframework.test.context.support.AbstractContextLoader - Did not detect default resource location for test class [com.accenture.lkm.test.controller.MaterialControllerTest]: class path resource [com/accenture/lkm/test/controller/MaterialControllerTest-context.xml] does not exist
11:02:06.703 [main] DEBUG org.springframework.test.context.support.AbstractContextLoader - Did not detect default resource location for test class [com.accenture.lkm.test.controller.MaterialControllerTest]: class path resource [com/accenture/lkm/test/controller/MaterialControllerTestContext.groovy] does not exist
11:02:06.703 [main] INFO org.springframework.test.context.support.AbstractContextLoader - Could not detect default resource locations for test class [com.accenture.lkm.test.controller.MaterialControllerTest]: no resource found for suffixes {-context.xml, Context.groovy}.
11:02:06.703 [main] INFO org.springframework.test.context.support.AnnotationConfigContextLoaderUtils - Could not detect default configuration classes for test class [com.accenture.lkm.test.controller.MaterialControllerTest]: MaterialControllerTest does not declare any static, non-private, non-final, nested classes annotated with @Configuration.
11:02:06.905 [main] DEBUG org.springframework.test.context.support.ActiveProfilesUtils - Could not find an 'annotation declaring class' for annotation type [org.springframework.test.context.ActiveProfiles] and class [com.accenture.lkm.test.controller.MaterialControllerTest]
11:02:06.919 [main] DEBUG org.springframework.core.env.StandardEnvironment - Adding [systemProperties] PropertySource with lowest search precedence
11:02:06.919 [main] DEBUG org.springframework.core.env.StandardEnvironment - Adding [systemEnvironment] PropertySource with lowest search precedence
11:02:06.919 [main] DEBUG org.springframework.core.env.StandardEnvironment - Initialized StandardEnvironment with PropertySources [systemProperties,systemEnvironment]
11:02:06.950 [main] DEBUG org.springframework.core.io.support.PathMatchingResourcePatternResolver - Resolved classpath location [com/accenture/lkm/test/controller/] to resources [URL [file:/C:/Users/Training1/git/materialservice/target/test-classes/com/accenture/lkm/test/controller/]]
11:02:06.950 [main] DEBUG org.springframework.core.io.support.PathMatchingResourcePatternResolver - Looking for matching resources in directory tree [C:\Users\Training1\git\materialservice\target\test-classes\com\accenture\lkm\test\controller]
11:02:06.950 [main] DEBUG org.springframework.core.io.support.PathMatchingResourcePatternResolver - Searching directory [C:\Users\Training1\git\materialservice\target\test-classes\com\accenture\lkm\test\controller] for files matching pattern [C:/Users/Training1/git/materialservice/target/test-classes/com/accenture/lkm/test/controller/*.class]
11:02:06.950 [main] DEBUG org.springframework.core.io.support.PathMatchingResourcePatternResolver - Resolved location pattern [classpath*:com/accenture/lkm/test/controller/*.class] to resources [file [C:\Users\Training1\git\materialservice\target\test-classes\com\accenture\lkm\test\controller\MaterialControllerTest.class]]
11:02:06.982 [main] DEBUG org.springframework.core.io.support.PathMatchingResourcePatternResolver - Resolved classpath location [com/accenture/lkm/test/] to resources [URL [file:/C:/Users/Training1/git/materialservice/target/test-classes/com/accenture/lkm/test/]]
11:02:06.982 [main] DEBUG org.springframework.core.io.support.PathMatchingResourcePatternResolver - Looking for matching resources in directory tree [C:\Users\Training1\git\materialservice\target\test-classes\com\accenture\lkm\test]
11:02:06.982 [main] DEBUG org.springframework.core.io.support.PathMatchingResourcePatternResolver - Searching directory [C:\Users\Training1\git\materialservice\target\test-classes\com\accenture\lkm\test] for files matching pattern [C:/Users/Training1/git/materialservice/target/test-classes/com/accenture/lkm/test/*.class]
11:02:06.982 [main] DEBUG org.springframework.core.io.support.PathMatchingResourcePatternResolver - Resolved location pattern [classpath*:com/accenture/lkm/test/*.class] to resources [file [C:\Users\Training1\git\materialservice\target\test-classes\com\accenture\lkm\test\MaterialServiceApplicationTests.class]]
11:02:06.997 [main] DEBUG org.springframework.core.io.support.PathMatchingResourcePatternResolver - Resolved classpath location [com/accenture/lkm/] to resources [URL [file:/C:/Users/Training1/git/materialservice/target/test-classes/com/accenture/lkm/], URL [file:/C:/Users/Training1/git/materialservice/target/classes/com/accenture/lkm/]]
11:02:06.997 [main] DEBUG org.springframework.core.io.support.PathMatchingResourcePatternResolver - Looking for matching resources in directory tree [C:\Users\Training1\git\materialservice\target\test-classes\com\accenture\lkm]
11:02:06.997 [main] DEBUG org.springframework.core.io.support.PathMatchingResourcePatternResolver - Searching directory [C:\Users\Training1\git\materialservice\target\test-classes\com\accenture\lkm] for files matching pattern [C:/Users/Training1/git/materialservice/target/test-classes/com/accenture/lkm/*.class]
11:02:06.997 [main] DEBUG org.springframework.core.io.support.PathMatchingResourcePatternResolver - Looking for matching resources in directory tree [C:\Users\Training1\git\materialservice\target\classes\com\accenture\lkm]
11:02:06.997 [main] DEBUG org.springframework.core.io.support.PathMatchingResourcePatternResolver - Searching directory [C:\Users\Training1\git\materialservice\target\classes\com\accenture\lkm] for files matching pattern [C:/Users/Training1/git/materialservice/target/classes/com/accenture/lkm/*.class]
11:02:06.997 [main] DEBUG org.springframework.core.io.support.PathMatchingResourcePatternResolver - Resolved location pattern [classpath*:com/accenture/lkm/*.class] to resources [file [C:\Users\Training1\git\materialservice\target\classes\com\accenture\lkm\MaterialServiceApplication.class]]
11:02:07.028 [main] DEBUG org.springframework.context.annotation.ClassPathScanningCandidateComponentProvider - Identified candidate component class: file [C:\Users\Training1\git\materialservice\target\classes\com\accenture\lkm\MaterialServiceApplication.class]
11:02:07.044 [main] INFO org.springframework.boot.test.context.SpringBootTestContextBootstrapper - Found @SpringBootConfiguration com.accenture.lkm.MaterialServiceApplication for test class com.accenture.lkm.test.controller.MaterialControllerTest
11:02:07.044 [main] DEBUG org.springframework.boot.test.autoconfigure.web.servlet.WebMvcTestContextBootstrapper - @TestExecutionListeners is not present for class [com.accenture.lkm.test.controller.MaterialControllerTest]: using defaults.
11:02:07.059 [main] INFO org.springframework.boot.test.autoconfigure.web.servlet.WebMvcTestContextBootstrapper - Loaded default TestExecutionListener class names from location [META-INF/spring.factories]: [org.springframework.boot.test.mock.mockito.MockitoTestExecutionListener, org.springframework.boot.test.mock.mockito.ResetMocksTestExecutionListener, org.springframework.boot.test.autoconfigure.restdocs.RestDocsTestExecutionListener, org.springframework.boot.test.autoconfigure.web.client.MockRestServiceServerResetTestExecutionListener, org.springframework.boot.test.autoconfigure.web.servlet.MockMvcPrintOnlyOnFailureTestExecutionListener, org.springframework.boot.test.autoconfigure.web.servlet.WebDriverTestExecutionListener, org.springframework.test.context.web.ServletTestExecutionListener, org.springframework.test.context.support.DirtiesContextBeforeModesTestExecutionListener, org.springframework.test.context.support.DependencyInjectionTestExecutionListener, org.springframework.test.context.support.DirtiesContextTestExecutionListener, org.springframework.test.context.transaction.TransactionalTestExecutionListener, org.springframework.test.context.jdbc.SqlScriptsTestExecutionListener]
11:02:07.106 [main] INFO org.springframework.boot.test.autoconfigure.web.servlet.WebMvcTestContextBootstrapper - Using TestExecutionListeners: [org.springframework.test.context.web.ServletTestExecutionListener@3d121db3, org.springframework.test.context.support.DirtiesContextBeforeModesTestExecutionListener@3b07a0d6, org.springframework.boot.test.autoconfigure.SpringBootDependencyInjectionTestExecutionListener@11a9e7c8, org.springframework.test.context.support.DirtiesContextTestExecutionListener@3901d134, org.springframework.test.context.transaction.TransactionalTestExecutionListener@14d3bc22, org.springframework.test.context.jdbc.SqlScriptsTestExecutionListener@12d4bf7e, org.springframework.boot.test.autoconfigure.web.servlet.MockMvcPrintOnlyOnFailureTestExecutionListener@4c1d9d4b, org.springframework.boot.test.mock.mockito.MockitoTestExecutionListener@7b227d8d, org.springframework.boot.test.autoconfigure.web.servlet.WebDriverTestExecutionListener@7219ec67, org.springframework.boot.test.mock.mockito.ResetMocksTestExecutionListener@45018215, org.springframework.boot.test.autoconfigure.restdocs.RestDocsTestExecutionListener@65d6b83b, org.springframework.boot.test.autoconfigure.web.client.MockRestServiceServerResetTestExecutionListener@d706f19]
11:02:07.122 [main] DEBUG org.springframework.test.context.junit4.SpringJUnit4ClassRunner - SpringJUnit4ClassRunner constructor called with [class com.accenture.lkm.test.dao.MaterialCategoryDAOTest]
11:02:07.122 [main] DEBUG org.springframework.test.context.BootstrapUtils - Instantiating CacheAwareContextLoaderDelegate from class [org.springframework.test.context.cache.DefaultCacheAwareContextLoaderDelegate]
11:02:07.122 [main] DEBUG org.springframework.test.context.BootstrapUtils - Instantiating BootstrapContext using constructor [public org.springframework.test.context.support.DefaultBootstrapContext(java.lang.Class,org.springframework.test.context.CacheAwareContextLoaderDelegate)]
11:02:07.122 [main] DEBUG org.springframework.test.context.BootstrapUtils - Instantiating TestContextBootstrapper for test class [com.accenture.lkm.test.dao.MaterialCategoryDAOTest] from class [org.springframework.boot.test.context.SpringBootTestContextBootstrapper]
11:02:07.122 [main] INFO org.springframework.boot.test.context.SpringBootTestContextBootstrapper - Neither @ContextConfiguration nor @ContextHierarchy found for test class [com.accenture.lkm.test.dao.MaterialCategoryDAOTest], using SpringBootContextLoader
11:02:07.122 [main] DEBUG org.springframework.test.context.support.AbstractContextLoader - Did not detect default resource location for test class [com.accenture.lkm.test.dao.MaterialCategoryDAOTest]: class path resource [com/accenture/lkm/test/dao/MaterialCategoryDAOTest-context.xml] does not exist
11:02:07.122 [main] DEBUG org.springframework.test.context.support.AbstractContextLoader - Did not detect default resource location for test class [com.accenture.lkm.test.dao.MaterialCategoryDAOTest]: class path resource [com/accenture/lkm/test/dao/MaterialCategoryDAOTestContext.groovy] does not exist
11:02:07.122 [main] INFO org.springframework.test.context.support.AbstractContextLoader - Could not detect default resource locations for test class [com.accenture.lkm.test.dao.MaterialCategoryDAOTest]: no resource found for suffixes {-context.xml, Context.groovy}.
11:02:07.122 [main] INFO org.springframework.test.context.support.AnnotationConfigContextLoaderUtils - Could not detect default configuration classes for test class [com.accenture.lkm.test.dao.MaterialCategoryDAOTest]: MaterialCategoryDAOTest does not declare any static, non-private, non-final, nested classes annotated with @Configuration.
11:02:07.138 [main] DEBUG org.springframework.test.context.support.ActiveProfilesUtils - Could not find an 'annotation declaring class' for annotation type [org.springframework.test.context.ActiveProfiles] and class [com.accenture.lkm.test.dao.MaterialCategoryDAOTest]
11:02:07.138 [main] DEBUG org.springframework.core.env.StandardEnvironment - Adding [systemProperties] PropertySource with lowest search precedence
11:02:07.138 [main] DEBUG org.springframework.core.env.StandardEnvironment - Adding [systemEnvironment] PropertySource with lowest search precedence
11:02:07.138 [main] DEBUG org.springframework.core.env.StandardEnvironment - Initialized StandardEnvironment with PropertySources [systemProperties,systemEnvironment]
11:02:07.138 [main] DEBUG org.springframework.core.io.support.PathMatchingResourcePatternResolver - Resolved classpath location [com/accenture/lkm/test/dao/] to resources [URL [file:/C:/Users/Training1/git/materialservice/target/test-classes/com/accenture/lkm/test/dao/]]
11:02:07.138 [main] DEBUG org.springframework.core.io.support.PathMatchingResourcePatternResolver - Looking for matching resources in directory tree [C:\Users\Training1\git\materialservice\target\test-classes\com\accenture\lkm\test\dao]
11:02:07.138 [main] DEBUG org.springframework.core.io.support.PathMatchingResourcePatternResolver - Searching directory [C:\Users\Training1\git\materialservice\target\test-classes\com\accenture\lkm\test\dao] for files matching pattern [C:/Users/Training1/git/materialservice/target/test-classes/com/accenture/lkm/test/dao/*.class]
11:02:07.138 [main] DEBUG org.springframework.core.io.support.PathMatchingResourcePatternResolver - Resolved location pattern [classpath*:com/accenture/lkm/test/dao/*.class] to resources [file [C:\Users\Training1\git\materialservice\target\test-classes\com\accenture\lkm\test\dao\MaterialCategoryDAOTest.class]]
11:02:07.138 [main] DEBUG org.springframework.core.io.support.PathMatchingResourcePatternResolver - Resolved classpath location [com/accenture/lkm/test/] to resources [URL [file:/C:/Users/Training1/git/materialservice/target/test-classes/com/accenture/lkm/test/]]
11:02:07.153 [main] DEBUG org.springframework.core.io.support.PathMatchingResourcePatternResolver - Looking for matching resources in directory tree [C:\Users\Training1\git\materialservice\target\test-classes\com\accenture\lkm\test]
11:02:07.153 [main] DEBUG org.springframework.core.io.support.PathMatchingResourcePatternResolver - Searching directory [C:\Users\Training1\git\materialservice\target\test-classes\com\accenture\lkm\test] for files matching pattern [C:/Users/Training1/git/materialservice/target/test-classes/com/accenture/lkm/test/*.class]
11:02:07.153 [main] DEBUG org.springframework.core.io.support.PathMatchingResourcePatternResolver - Resolved location pattern [classpath*:com/accenture/lkm/test/*.class] to resources [file [C:\Users\Training1\git\materialservice\target\test-classes\com\accenture\lkm\test\MaterialServiceApplicationTests.class]]
11:02:07.153 [main] DEBUG org.springframework.core.io.support.PathMatchingResourcePatternResolver - Resolved classpath location [com/accenture/lkm/] to resources [URL [file:/C:/Users/Training1/git/materialservice/target/test-classes/com/accenture/lkm/], URL [file:/C:/Users/Training1/git/materialservice/target/classes/com/accenture/lkm/]]
11:02:07.153 [main] DEBUG org.springframework.core.io.support.PathMatchingResourcePatternResolver - Looking for matching resources in directory tree [C:\Users\Training1\git\materialservice\target\test-classes\com\accenture\lkm]
11:02:07.153 [main] DEBUG org.springframework.core.io.support.PathMatchingResourcePatternResolver - Searching directory [C:\Users\Training1\git\materialservice\target\test-classes\com\accenture\lkm] for files matching pattern [C:/Users/Training1/git/materialservice/target/test-classes/com/accenture/lkm/*.class]
11:02:07.153 [main] DEBUG org.springframework.core.io.support.PathMatchingResourcePatternResolver - Looking for matching resources in directory tree [C:\Users\Training1\git\materialservice\target\classes\com\accenture\lkm]
11:02:07.153 [main] DEBUG org.springframework.core.io.support.PathMatchingResourcePatternResolver - Searching directory [C:\Users\Training1\git\materialservice\target\classes\com\accenture\lkm] for files matching pattern [C:/Users/Training1/git/materialservice/target/classes/com/accenture/lkm/*.class]
11:02:07.153 [main] DEBUG org.springframework.core.io.support.PathMatchingResourcePatternResolver - Resolved location pattern [classpath*:com/accenture/lkm/*.class] to resources [file [C:\Users\Training1\git\materialservice\target\classes\com\accenture\lkm\MaterialServiceApplication.class]]
11:02:07.169 [main] DEBUG org.springframework.context.annotation.ClassPathScanningCandidateComponentProvider - Identified candidate component class: file [C:\Users\Training1\git\materialservice\target\classes\com\accenture\lkm\MaterialServiceApplication.class]
11:02:07.169 [main] INFO org.springframework.boot.test.context.SpringBootTestContextBootstrapper - Found @SpringBootConfiguration com.accenture.lkm.MaterialServiceApplication for test class com.accenture.lkm.test.dao.MaterialCategoryDAOTest
11:02:07.169 [main] DEBUG org.springframework.boot.test.context.SpringBootTestContextBootstrapper - @TestExecutionListeners is not present for class [com.accenture.lkm.test.dao.MaterialCategoryDAOTest]: using defaults.
11:02:07.184 [main] INFO org.springframework.boot.test.context.SpringBootTestContextBootstrapper - Loaded default TestExecutionListener class names from location [META-INF/spring.factories]: [org.springframework.boot.test.mock.mockito.MockitoTestExecutionListener, org.springframework.boot.test.mock.mockito.ResetMocksTestExecutionListener, org.springframework.boot.test.autoconfigure.restdocs.RestDocsTestExecutionListener, org.springframework.boot.test.autoconfigure.web.client.MockRestServiceServerResetTestExecutionListener, org.springframework.boot.test.autoconfigure.web.servlet.MockMvcPrintOnlyOnFailureTestExecutionListener, org.springframework.boot.test.autoconfigure.web.servlet.WebDriverTestExecutionListener, org.springframework.test.context.web.ServletTestExecutionListener, org.springframework.test.context.support.DirtiesContextBeforeModesTestExecutionListener, org.springframework.test.context.support.DependencyInjectionTestExecutionListener, org.springframework.test.context.support.DirtiesContextTestExecutionListener, org.springframework.test.context.transaction.TransactionalTestExecutionListener, org.springframework.test.context.jdbc.SqlScriptsTestExecutionListener]
11:02:07.184 [main] INFO org.springframework.boot.test.context.SpringBootTestContextBootstrapper - Using TestExecutionListeners: [org.springframework.test.context.web.ServletTestExecutionListener@1b1473ab, org.springframework.test.context.support.DirtiesContextBeforeModesTestExecutionListener@2f7c2f4f, org.springframework.boot.test.autoconfigure.SpringBootDependencyInjectionTestExecutionListener@6af93788, org.springframework.test.context.support.DirtiesContextTestExecutionListener@ef9296d, org.springframework.test.context.transaction.TransactionalTestExecutionListener@36c88a32, org.springframework.test.context.jdbc.SqlScriptsTestExecutionListener@7880cdf3, org.springframework.boot.test.autoconfigure.web.servlet.MockMvcPrintOnlyOnFailureTestExecutionListener@5be6e01c, org.springframework.boot.test.mock.mockito.MockitoTestExecutionListener@1c93084c, org.springframework.boot.test.autoconfigure.web.servlet.WebDriverTestExecutionListener@6ef888f6, org.springframework.boot.test.mock.mockito.ResetMocksTestExecutionListener@10e92f8f, org.springframework.boot.test.autoconfigure.restdocs.RestDocsTestExecutionListener@7ce3cb8e, org.springframework.boot.test.autoconfigure.web.client.MockRestServiceServerResetTestExecutionListener@78b66d36]
11:02:07.184 [main] DEBUG org.springframework.test.context.junit4.SpringJUnit4ClassRunner - SpringJUnit4ClassRunner constructor called with [class com.accenture.lkm.test.MaterialServiceApplicationTests]
11:02:07.184 [main] DEBUG org.springframework.test.context.BootstrapUtils - Instantiating CacheAwareContextLoaderDelegate from class [org.springframework.test.context.cache.DefaultCacheAwareContextLoaderDelegate]
11:02:07.184 [main] DEBUG org.springframework.test.context.BootstrapUtils - Instantiating BootstrapContext using constructor [public org.springframework.test.context.support.DefaultBootstrapContext(java.lang.Class,org.springframework.test.context.CacheAwareContextLoaderDelegate)]
11:02:07.184 [main] DEBUG org.springframework.test.context.BootstrapUtils - Instantiating TestContextBootstrapper for test class [com.accenture.lkm.test.MaterialServiceApplicationTests] from class [org.springframework.boot.test.context.SpringBootTestContextBootstrapper]
11:02:07.200 [main] INFO org.springframework.boot.test.context.SpringBootTestContextBootstrapper - Neither @ContextConfiguration nor @ContextHierarchy found for test class [com.accenture.lkm.test.MaterialServiceApplicationTests], using SpringBootContextLoader
11:02:07.200 [main] DEBUG org.springframework.test.context.support.AbstractContextLoader - Did not detect default resource location for test class [com.accenture.lkm.test.MaterialServiceApplicationTests]: class path resource [com/accenture/lkm/test/MaterialServiceApplicationTests-context.xml] does not exist
11:02:07.200 [main] DEBUG org.springframework.test.context.support.AbstractContextLoader - Did not detect default resource location for test class [com.accenture.lkm.test.MaterialServiceApplicationTests]: class path resource [com/accenture/lkm/test/MaterialServiceApplicationTestsContext.groovy] does not exist
11:02:07.200 [main] INFO org.springframework.test.context.support.AbstractContextLoader - Could not detect default resource locations for test class [com.accenture.lkm.test.MaterialServiceApplicationTests]: no resource found for suffixes {-context.xml, Context.groovy}.
11:02:07.200 [main] INFO org.springframework.test.context.support.AnnotationConfigContextLoaderUtils - Could not detect default configuration classes for test class [com.accenture.lkm.test.MaterialServiceApplicationTests]: MaterialServiceApplicationTests does not declare any static, non-private, non-final, nested classes annotated with @Configuration.
11:02:07.216 [main] DEBUG org.springframework.test.context.support.ActiveProfilesUtils - Could not find an 'annotation declaring class' for annotation type [org.springframework.test.context.ActiveProfiles] and class [com.accenture.lkm.test.MaterialServiceApplicationTests]
11:02:07.216 [main] DEBUG org.springframework.core.env.StandardEnvironment - Adding [systemProperties] PropertySource with lowest search precedence
11:02:07.216 [main] DEBUG org.springframework.core.env.StandardEnvironment - Adding [systemEnvironment] PropertySource with lowest search precedence
11:02:07.216 [main] DEBUG org.springframework.core.env.StandardEnvironment - Initialized StandardEnvironment with PropertySources [systemProperties,systemEnvironment]
11:02:07.216 [main] DEBUG org.springframework.core.io.support.PathMatchingResourcePatternResolver - Resolved classpath location [com/accenture/lkm/test/] to resources [URL [file:/C:/Users/Training1/git/materialservice/target/test-classes/com/accenture/lkm/test/]]
11:02:07.216 [main] DEBUG org.springframework.core.io.support.PathMatchingResourcePatternResolver - Looking for matching resources in directory tree [C:\Users\Training1\git\materialservice\target\test-classes\com\accenture\lkm\test]
11:02:07.216 [main] DEBUG org.springframework.core.io.support.PathMatchingResourcePatternResolver - Searching directory [C:\Users\Training1\git\materialservice\target\test-classes\com\accenture\lkm\test] for files matching pattern [C:/Users/Training1/git/materialservice/target/test-classes/com/accenture/lkm/test/*.class]
11:02:07.216 [main] DEBUG org.springframework.core.io.support.PathMatchingResourcePatternResolver - Resolved location pattern [classpath*:com/accenture/lkm/test/*.class] to resources [file [C:\Users\Training1\git\materialservice\target\test-classes\com\accenture\lkm\test\MaterialServiceApplicationTests.class]]
11:02:07.231 [main] DEBUG org.springframework.core.io.support.PathMatchingResourcePatternResolver - Resolved classpath location [com/accenture/lkm/] to resources [URL [file:/C:/Users/Training1/git/materialservice/target/test-classes/com/accenture/lkm/], URL [file:/C:/Users/Training1/git/materialservice/target/classes/com/accenture/lkm/]]
11:02:07.231 [main] DEBUG org.springframework.core.io.support.PathMatchingResourcePatternResolver - Looking for matching resources in directory tree [C:\Users\Training1\git\materialservice\target\test-classes\com\accenture\lkm]
11:02:07.231 [main] DEBUG org.springframework.core.io.support.PathMatchingResourcePatternResolver - Searching directory [C:\Users\Training1\git\materialservice\target\test-classes\com\accenture\lkm] for files matching pattern [C:/Users/Training1/git/materialservice/target/test-classes/com/accenture/lkm/*.class]
11:02:07.231 [main] DEBUG org.springframework.core.io.support.PathMatchingResourcePatternResolver - Looking for matching resources in directory tree [C:\Users\Training1\git\materialservice\target\classes\com\accenture\lkm]
11:02:07.231 [main] DEBUG org.springframework.core.io.support.PathMatchingResourcePatternResolver - Searching directory [C:\Users\Training1\git\materialservice\target\classes\com\accenture\lkm] for files matching pattern [C:/Users/Training1/git/materialservice/target/classes/com/accenture/lkm/*.class]
11:02:07.231 [main] DEBUG org.springframework.core.io.support.PathMatchingResourcePatternResolver - Resolved location pattern [classpath*:com/accenture/lkm/*.class] to resources [file [C:\Users\Training1\git\materialservice\target\classes\com\accenture\lkm\MaterialServiceApplication.class]]
11:02:07.231 [main] DEBUG org.springframework.context.annotation.ClassPathScanningCandidateComponentProvider - Identified candidate component class: file [C:\Users\Training1\git\materialservice\target\classes\com\accenture\lkm\MaterialServiceApplication.class]
11:02:07.231 [main] INFO org.springframework.boot.test.context.SpringBootTestContextBootstrapper - Found @SpringBootConfiguration com.accenture.lkm.MaterialServiceApplication for test class com.accenture.lkm.test.MaterialServiceApplicationTests
11:02:07.231 [main] DEBUG org.springframework.boot.test.context.SpringBootTestContextBootstrapper - @TestExecutionListeners is not present for class [com.accenture.lkm.test.MaterialServiceApplicationTests]: using defaults.
11:02:07.247 [main] INFO org.springframework.boot.test.context.SpringBootTestContextBootstrapper - Loaded default TestExecutionListener class names from location [META-INF/spring.factories]: [org.springframework.boot.test.mock.mockito.MockitoTestExecutionListener, org.springframework.boot.test.mock.mockito.ResetMocksTestExecutionListener, org.springframework.boot.test.autoconfigure.restdocs.RestDocsTestExecutionListener, org.springframework.boot.test.autoconfigure.web.client.MockRestServiceServerResetTestExecutionListener, org.springframework.boot.test.autoconfigure.web.servlet.MockMvcPrintOnlyOnFailureTestExecutionListener, org.springframework.boot.test.autoconfigure.web.servlet.WebDriverTestExecutionListener, org.springframework.test.context.web.ServletTestExecutionListener, org.springframework.test.context.support.DirtiesContextBeforeModesTestExecutionListener, org.springframework.test.context.support.DependencyInjectionTestExecutionListener, org.springframework.test.context.support.DirtiesContextTestExecutionListener, org.springframework.test.context.transaction.TransactionalTestExecutionListener, org.springframework.test.context.jdbc.SqlScriptsTestExecutionListener]
11:02:07.247 [main] INFO org.springframework.boot.test.context.SpringBootTestContextBootstrapper - Using TestExecutionListeners: [org.springframework.test.context.web.ServletTestExecutionListener@50b472aa, org.springframework.test.context.support.DirtiesContextBeforeModesTestExecutionListener@31368b99, org.springframework.boot.test.autoconfigure.SpringBootDependencyInjectionTestExecutionListener@1725dc0f, org.springframework.test.context.support.DirtiesContextTestExecutionListener@3911c2a7, org.springframework.test.context.transaction.TransactionalTestExecutionListener@4ac3c60d, org.springframework.test.context.jdbc.SqlScriptsTestExecutionListener@4facf68f, org.springframework.boot.test.autoconfigure.web.servlet.MockMvcPrintOnlyOnFailureTestExecutionListener@76508ed1, org.springframework.boot.test.mock.mockito.MockitoTestExecutionListener@41e36e46, org.springframework.boot.test.autoconfigure.web.servlet.WebDriverTestExecutionListener@15c43bd9, org.springframework.boot.test.mock.mockito.ResetMocksTestExecutionListener@3d74bf60, org.springframework.boot.test.autoconfigure.restdocs.RestDocsTestExecutionListener@4f209819, org.springframework.boot.test.autoconfigure.web.client.MockRestServiceServerResetTestExecutionListener@15eb5ee5]
11:02:07.247 [main] DEBUG org.springframework.test.context.junit4.SpringJUnit4ClassRunner - SpringJUnit4ClassRunner constructor called with [class com.accenture.lkm.test.service.MaterialServiceTest]
11:02:07.247 [main] DEBUG org.springframework.test.context.BootstrapUtils - Instantiating CacheAwareContextLoaderDelegate from class [org.springframework.test.context.cache.DefaultCacheAwareContextLoaderDelegate]
11:02:07.247 [main] DEBUG org.springframework.test.context.BootstrapUtils - Instantiating BootstrapContext using constructor [public org.springframework.test.context.support.DefaultBootstrapContext(java.lang.Class,org.springframework.test.context.CacheAwareContextLoaderDelegate)]
11:02:07.247 [main] DEBUG org.springframework.test.context.BootstrapUtils - Instantiating TestContextBootstrapper for test class [com.accenture.lkm.test.service.MaterialServiceTest] from class [org.springframework.boot.test.context.SpringBootTestContextBootstrapper]
11:02:07.247 [main] INFO org.springframework.boot.test.context.SpringBootTestContextBootstrapper - Neither @ContextConfiguration nor @ContextHierarchy found for test class [com.accenture.lkm.test.service.MaterialServiceTest], using SpringBootContextLoader
11:02:07.247 [main] DEBUG org.springframework.test.context.support.AbstractContextLoader - Did not detect default resource location for test class [com.accenture.lkm.test.service.MaterialServiceTest]: class path resource [com/accenture/lkm/test/service/MaterialServiceTest-context.xml] does not exist
11:02:07.247 [main] DEBUG org.springframework.test.context.support.AbstractContextLoader - Did not detect default resource location for test class [com.accenture.lkm.test.service.MaterialServiceTest]: class path resource [com/accenture/lkm/test/service/MaterialServiceTestContext.groovy] does not exist
11:02:07.247 [main] INFO org.springframework.test.context.support.AbstractContextLoader - Could not detect default resource locations for test class [com.accenture.lkm.test.service.MaterialServiceTest]: no resource found for suffixes {-context.xml, Context.groovy}.
11:02:07.247 [main] INFO org.springframework.test.context.support.AnnotationConfigContextLoaderUtils - Could not detect default configuration classes for test class [com.accenture.lkm.test.service.MaterialServiceTest]: MaterialServiceTest does not declare any static, non-private, non-final, nested classes annotated with @Configuration.
11:02:07.263 [main] DEBUG org.springframework.test.context.support.ActiveProfilesUtils - Could not find an 'annotation declaring class' for annotation type [org.springframework.test.context.ActiveProfiles] and class [com.accenture.lkm.test.service.MaterialServiceTest]
11:02:07.263 [main] DEBUG org.springframework.core.env.StandardEnvironment - Adding [systemProperties] PropertySource with lowest search precedence
11:02:07.263 [main] DEBUG org.springframework.core.env.StandardEnvironment - Adding [systemEnvironment] PropertySource with lowest search precedence
11:02:07.263 [main] DEBUG org.springframework.core.env.StandardEnvironment - Initialized StandardEnvironment with PropertySources [systemProperties,systemEnvironment]
11:02:07.263 [main] DEBUG org.springframework.core.io.support.PathMatchingResourcePatternResolver - Resolved classpath location [com/accenture/lkm/test/service/] to resources [URL [file:/C:/Users/Training1/git/materialservice/target/test-classes/com/accenture/lkm/test/service/]]
11:02:07.263 [main] DEBUG org.springframework.core.io.support.PathMatchingResourcePatternResolver - Looking for matching resources in directory tree [C:\Users\Training1\git\materialservice\target\test-classes\com\accenture\lkm\test\service]
11:02:07.263 [main] DEBUG org.springframework.core.io.support.PathMatchingResourcePatternResolver - Searching directory [C:\Users\Training1\git\materialservice\target\test-classes\com\accenture\lkm\test\service] for files matching pattern [C:/Users/Training1/git/materialservice/target/test-classes/com/accenture/lkm/test/service/*.class]
11:02:07.263 [main] DEBUG org.springframework.core.io.support.PathMatchingResourcePatternResolver - Resolved location pattern [classpath*:com/accenture/lkm/test/service/*.class] to resources [file [C:\Users\Training1\git\materialservice\target\test-classes\com\accenture\lkm\test\service\MaterialServiceTest.class]]
11:02:07.263 [main] DEBUG org.springframework.core.io.support.PathMatchingResourcePatternResolver - Resolved classpath location [com/accenture/lkm/test/] to resources [URL [file:/C:/Users/Training1/git/materialservice/target/test-classes/com/accenture/lkm/test/]]
11:02:07.263 [main] DEBUG org.springframework.core.io.support.PathMatchingResourcePatternResolver - Looking for matching resources in directory tree [C:\Users\Training1\git\materialservice\target\test-classes\com\accenture\lkm\test]
11:02:07.263 [main] DEBUG org.springframework.core.io.support.PathMatchingResourcePatternResolver - Searching directory [C:\Users\Training1\git\materialservice\target\test-classes\com\accenture\lkm\test] for files matching pattern [C:/Users/Training1/git/materialservice/target/test-classes/com/accenture/lkm/test/*.class]
11:02:07.263 [main] DEBUG org.springframework.core.io.support.PathMatchingResourcePatternResolver - Resolved location pattern [classpath*:com/accenture/lkm/test/*.class] to resources [file [C:\Users\Training1\git\materialservice\target\test-classes\com\accenture\lkm\test\MaterialServiceApplicationTests.class]]
11:02:07.278 [main] DEBUG org.springframework.core.io.support.PathMatchingResourcePatternResolver - Resolved classpath location [com/accenture/lkm/] to resources [URL [file:/C:/Users/Training1/git/materialservice/target/test-classes/com/accenture/lkm/], URL [file:/C:/Users/Training1/git/materialservice/target/classes/com/accenture/lkm/]]
11:02:07.278 [main] DEBUG org.springframework.core.io.support.PathMatchingResourcePatternResolver - Looking for matching resources in directory tree [C:\Users\Training1\git\materialservice\target\test-classes\com\accenture\lkm]
11:02:07.278 [main] DEBUG org.springframework.core.io.support.PathMatchingResourcePatternResolver - Searching directory [C:\Users\Training1\git\materialservice\target\test-classes\com\accenture\lkm] for files matching pattern [C:/Users/Training1/git/materialservice/target/test-classes/com/accenture/lkm/*.class]
11:02:07.278 [main] DEBUG org.springframework.core.io.support.PathMatchingResourcePatternResolver - Looking for matching resources in directory tree [C:\Users\Training1\git\materialservice\target\classes\com\accenture\lkm]
11:02:07.278 [main] DEBUG org.springframework.core.io.support.PathMatchingResourcePatternResolver - Searching directory [C:\Users\Training1\git\materialservice\target\classes\com\accenture\lkm] for files matching pattern [C:/Users/Training1/git/materialservice/target/classes/com/accenture/lkm/*.class]
11:02:07.278 [main] DEBUG org.springframework.core.io.support.PathMatchingResourcePatternResolver - Resolved location pattern [classpath*:com/accenture/lkm/*.class] to resources [file [C:\Users\Training1\git\materialservice\target\classes\com\accenture\lkm\MaterialServiceApplication.class]]
11:02:07.278 [main] DEBUG org.springframework.context.annotation.ClassPathScanningCandidateComponentProvider - Identified candidate component class: file [C:\Users\Training1\git\materialservice\target\classes\com\accenture\lkm\MaterialServiceApplication.class]
11:02:07.278 [main] INFO org.springframework.boot.test.context.SpringBootTestContextBootstrapper - Found @SpringBootConfiguration com.accenture.lkm.MaterialServiceApplication for test class com.accenture.lkm.test.service.MaterialServiceTest
11:02:07.278 [main] DEBUG org.springframework.boot.test.context.SpringBootTestContextBootstrapper - @TestExecutionListeners is not present for class [com.accenture.lkm.test.service.MaterialServiceTest]: using defaults.
11:02:07.294 [main] INFO org.springframework.boot.test.context.SpringBootTestContextBootstrapper - Loaded default TestExecutionListener class names from location [META-INF/spring.factories]: [org.springframework.boot.test.mock.mockito.MockitoTestExecutionListener, org.springframework.boot.test.mock.mockito.ResetMocksTestExecutionListener, org.springframework.boot.test.autoconfigure.restdocs.RestDocsTestExecutionListener, org.springframework.boot.test.autoconfigure.web.client.MockRestServiceServerResetTestExecutionListener, org.springframework.boot.test.autoconfigure.web.servlet.MockMvcPrintOnlyOnFailureTestExecutionListener, org.springframework.boot.test.autoconfigure.web.servlet.WebDriverTestExecutionListener, org.springframework.test.context.web.ServletTestExecutionListener, org.springframework.test.context.support.DirtiesContextBeforeModesTestExecutionListener, org.springframework.test.context.support.DependencyInjectionTestExecutionListener, org.springframework.test.context.support.DirtiesContextTestExecutionListener, org.springframework.test.context.transaction.TransactionalTestExecutionListener, org.springframework.test.context.jdbc.SqlScriptsTestExecutionListener]
11:02:07.294 [main] INFO org.springframework.boot.test.context.SpringBootTestContextBootstrapper - Using TestExecutionListeners: [org.springframework.test.context.web.ServletTestExecutionListener@32eff876, org.springframework.test.context.support.DirtiesContextBeforeModesTestExecutionListener@8dbdac1, org.springframework.boot.test.autoconfigure.SpringBootDependencyInjectionTestExecutionListener@6e20b53a, org.springframework.test.context.support.DirtiesContextTestExecutionListener@71809907, org.springframework.test.context.transaction.TransactionalTestExecutionListener@3ce1e309, org.springframework.test.context.jdbc.SqlScriptsTestExecutionListener@6aba2b86, org.springframework.boot.test.autoconfigure.web.servlet.MockMvcPrintOnlyOnFailureTestExecutionListener@158da8e, org.springframework.boot.test.mock.mockito.MockitoTestExecutionListener@74e52303, org.springframework.boot.test.autoconfigure.web.servlet.WebDriverTestExecutionListener@47af7f3d, org.springframework.boot.test.mock.mockito.ResetMocksTestExecutionListener@7c729a55, org.springframework.boot.test.autoconfigure.restdocs.RestDocsTestExecutionListener@3bb9a3ff, org.springframework.boot.test.autoconfigure.web.client.MockRestServiceServerResetTestExecutionListener@661972b0]
11:02:07.309 [main] DEBUG org.springframework.test.annotation.ProfileValueUtils - Retrieved @ProfileValueSourceConfiguration [null] for test class [com.accenture.lkm.test.controller.MaterialControllerTest]
11:02:07.309 [main] DEBUG org.springframework.test.annotation.ProfileValueUtils - Retrieved ProfileValueSource type [class org.springframework.test.annotation.SystemProfileValueSource] for class [com.accenture.lkm.test.controller.MaterialControllerTest]
11:02:07.309 [main] DEBUG org.springframework.test.annotation.ProfileValueUtils - Retrieved @ProfileValueSourceConfiguration [null] for test class [com.accenture.lkm.test.dao.MaterialCategoryDAOTest]
11:02:07.309 [main] DEBUG org.springframework.test.annotation.ProfileValueUtils - Retrieved ProfileValueSource type [class org.springframework.test.annotation.SystemProfileValueSource] for class [com.accenture.lkm.test.dao.MaterialCategoryDAOTest]
11:02:07.309 [main] DEBUG org.springframework.test.annotation.ProfileValueUtils - Retrieved @ProfileValueSourceConfiguration [null] for test class [com.accenture.lkm.test.MaterialServiceApplicationTests]
11:02:07.309 [main] DEBUG org.springframework.test.annotation.ProfileValueUtils - Retrieved ProfileValueSource type [class org.springframework.test.annotation.SystemProfileValueSource] for class [com.accenture.lkm.test.MaterialServiceApplicationTests]
11:02:07.309 [main] DEBUG org.springframework.test.annotation.ProfileValueUtils - Retrieved @ProfileValueSourceConfiguration [null] for test class [com.accenture.lkm.test.service.MaterialServiceTest]
11:02:07.309 [main] DEBUG org.springframework.test.annotation.ProfileValueUtils - Retrieved ProfileValueSource type [class org.springframework.test.annotation.SystemProfileValueSource] for class [com.accenture.lkm.test.service.MaterialServiceTest]
11:02:07.325 [main] DEBUG org.springframework.test.context.junit4.SpringJUnit4ClassRunner - SpringJUnit4ClassRunner constructor called with [class com.accenture.lkm.test.controller.MaterialControllerTest]
11:02:07.325 [main] DEBUG org.springframework.test.context.BootstrapUtils - Instantiating CacheAwareContextLoaderDelegate from class [org.springframework.test.context.cache.DefaultCacheAwareContextLoaderDelegate]
11:02:07.325 [main] DEBUG org.springframework.test.context.BootstrapUtils - Instantiating BootstrapContext using constructor [public org.springframework.test.context.support.DefaultBootstrapContext(java.lang.Class,org.springframework.test.context.CacheAwareContextLoaderDelegate)]
11:02:07.325 [main] DEBUG org.springframework.test.context.BootstrapUtils - Instantiating TestContextBootstrapper for test class [com.accenture.lkm.test.controller.MaterialControllerTest] from class [org.springframework.boot.test.autoconfigure.web.servlet.WebMvcTestContextBootstrapper]
11:02:07.325 [main] INFO org.springframework.boot.test.autoconfigure.web.servlet.WebMvcTestContextBootstrapper - Neither @ContextConfiguration nor @ContextHierarchy found for test class [com.accenture.lkm.test.controller.MaterialControllerTest], using SpringBootContextLoader
11:02:07.325 [main] DEBUG org.springframework.test.context.support.AbstractContextLoader - Did not detect default resource location for test class [com.accenture.lkm.test.controller.MaterialControllerTest]: class path resource [com/accenture/lkm/test/controller/MaterialControllerTest-context.xml] does not exist
11:02:07.325 [main] DEBUG org.springframework.test.context.support.AbstractContextLoader - Did not detect default resource location for test class [com.accenture.lkm.test.controller.MaterialControllerTest]: class path resource [com/accenture/lkm/test/controller/MaterialControllerTestContext.groovy] does not exist
11:02:07.325 [main] INFO org.springframework.test.context.support.AbstractContextLoader - Could not detect default resource locations for test class [com.accenture.lkm.test.controller.MaterialControllerTest]: no resource found for suffixes {-context.xml, Context.groovy}.
11:02:07.325 [main] INFO org.springframework.test.context.support.AnnotationConfigContextLoaderUtils - Could not detect default configuration classes for test class [com.accenture.lkm.test.controller.MaterialControllerTest]: MaterialControllerTest does not declare any static, non-private, non-final, nested classes annotated with @Configuration.
11:02:07.388 [main] DEBUG org.springframework.test.context.support.ActiveProfilesUtils - Could not find an 'annotation declaring class' for annotation type [org.springframework.test.context.ActiveProfiles] and class [com.accenture.lkm.test.controller.MaterialControllerTest]
11:02:07.388 [main] DEBUG org.springframework.core.env.StandardEnvironment - Adding [systemProperties] PropertySource with lowest search precedence
11:02:07.388 [main] DEBUG org.springframework.core.env.StandardEnvironment - Adding [systemEnvironment] PropertySource with lowest search precedence
11:02:07.388 [main] DEBUG org.springframework.core.env.StandardEnvironment - Initialized StandardEnvironment with PropertySources [systemProperties,systemEnvironment]
11:02:07.388 [main] INFO org.springframework.boot.test.context.SpringBootTestContextBootstrapper - Found @SpringBootConfiguration com.accenture.lkm.MaterialServiceApplication for test class com.accenture.lkm.test.controller.MaterialControllerTest
11:02:07.388 [main] DEBUG org.springframework.boot.test.autoconfigure.web.servlet.WebMvcTestContextBootstrapper - @TestExecutionListeners is not present for class [com.accenture.lkm.test.controller.MaterialControllerTest]: using defaults.
11:02:07.388 [main] INFO org.springframework.boot.test.autoconfigure.web.servlet.WebMvcTestContextBootstrapper - Loaded default TestExecutionListener class names from location [META-INF/spring.factories]: [org.springframework.boot.test.mock.mockito.MockitoTestExecutionListener, org.springframework.boot.test.mock.mockito.ResetMocksTestExecutionListener, org.springframework.boot.test.autoconfigure.restdocs.RestDocsTestExecutionListener, org.springframework.boot.test.autoconfigure.web.client.MockRestServiceServerResetTestExecutionListener, org.springframework.boot.test.autoconfigure.web.servlet.MockMvcPrintOnlyOnFailureTestExecutionListener, org.springframework.boot.test.autoconfigure.web.servlet.WebDriverTestExecutionListener, org.springframework.test.context.web.ServletTestExecutionListener, org.springframework.test.context.support.DirtiesContextBeforeModesTestExecutionListener, org.springframework.test.context.support.DependencyInjectionTestExecutionListener, org.springframework.test.context.support.DirtiesContextTestExecutionListener, org.springframework.test.context.transaction.TransactionalTestExecutionListener, org.springframework.test.context.jdbc.SqlScriptsTestExecutionListener]
11:02:07.482 [main] INFO org.springframework.boot.test.autoconfigure.web.servlet.WebMvcTestContextBootstrapper - Using TestExecutionListeners: [org.springframework.test.context.web.ServletTestExecutionListener@5bf0d49, org.springframework.test.context.support.DirtiesContextBeforeModesTestExecutionListener@5b7a5baa, org.springframework.boot.test.autoconfigure.SpringBootDependencyInjectionTestExecutionListener@776aec5c, org.springframework.test.context.support.DirtiesContextTestExecutionListener@1d296da, org.springframework.test.context.transaction.TransactionalTestExecutionListener@7c7a06ec, org.springframework.test.context.jdbc.SqlScriptsTestExecutionListener@75d4a5c2, org.springframework.boot.test.autoconfigure.web.servlet.MockMvcPrintOnlyOnFailureTestExecutionListener@557caf28, org.springframework.boot.test.mock.mockito.MockitoTestExecutionListener@408d971b, org.springframework.boot.test.autoconfigure.web.servlet.WebDriverTestExecutionListener@6c6cb480, org.springframework.boot.test.mock.mockito.ResetMocksTestExecutionListener@3c46e67a, org.springframework.boot.test.autoconfigure.restdocs.RestDocsTestExecutionListener@c730b35, org.springframework.boot.test.autoconfigure.web.client.MockRestServiceServerResetTestExecutionListener@206a70ef]
11:02:07.482 [main] DEBUG org.springframework.test.annotation.ProfileValueUtils - Retrieved @ProfileValueSourceConfiguration [null] for test class [com.accenture.lkm.test.controller.MaterialControllerTest]
11:02:07.482 [main] DEBUG org.springframework.test.annotation.ProfileValueUtils - Retrieved ProfileValueSource type [class org.springframework.test.annotation.SystemProfileValueSource] for class [com.accenture.lkm.test.controller.MaterialControllerTest]
11:02:07.497 [main] DEBUG org.springframework.test.annotation.ProfileValueUtils - Retrieved @ProfileValueSourceConfiguration [null] for test class [com.accenture.lkm.test.controller.MaterialControllerTest]
11:02:07.497 [main] DEBUG org.springframework.test.annotation.ProfileValueUtils - Retrieved ProfileValueSource type [class org.springframework.test.annotation.SystemProfileValueSource] for class [com.accenture.lkm.test.controller.MaterialControllerTest]
11:02:07.497 [main] DEBUG org.springframework.test.context.support.AbstractDirtiesContextTestExecutionListener - Before test class: context [DefaultTestContext@43bc63a3 testClass = MaterialControllerTest, testInstance = [null], testMethod = [null], testException = [null], mergedContextConfiguration = [WebMergedContextConfiguration@702657cc testClass = MaterialControllerTest, locations = '{}', classes = '{class com.accenture.lkm.MaterialServiceApplication}', contextInitializerClasses = '[]', activeProfiles = '{}', propertySourceLocations = '{}', propertySourceProperties = '{org.springframework.boot.test.autoconfigure.web.servlet.WebMvcTestContextBootstrapper=true}', contextCustomizers = set[[ImportsContextCustomizer@6a6cb05c key = [Package Import com.accenture.lkm.test.controller, org.springframework.boot.autoconfigure.cache.CacheAutoConfiguration, org.springframework.boot.autoconfigure.context.MessageSourceAutoConfiguration, org.springframework.boot.autoconfigure.freemarker.FreeMarkerAutoConfiguration, org.springframework.boot.autoconfigure.groovy.template.GroovyTemplateAutoConfiguration, org.springframework.boot.autoconfigure.gson.GsonAutoConfiguration, org.springframework.boot.autoconfigure.hateoas.HypermediaAutoConfiguration, org.springframework.boot.autoconfigure.jackson.JacksonAutoConfiguration, org.springframework.boot.autoconfigure.mustache.MustacheAutoConfiguration, org.springframework.boot.autoconfigure.thymeleaf.ThymeleafAutoConfiguration, org.springframework.boot.autoconfigure.validation.ValidationAutoConfiguration, org.springframework.boot.autoconfigure.web.ErrorMvcAutoConfiguration, org.springframework.boot.autoconfigure.web.HttpMessageConvertersAutoConfiguration, org.springframework.boot.autoconfigure.web.ServerPropertiesAutoConfiguration, org.springframework.boot.autoconfigure.web.WebMvcAutoConfiguration, org.springframework.boot.test.autoconfigure.web.servlet.MockMvcAutoConfiguration, org.springframework.boot.test.autoconfigure.web.servlet.MockMvcSecurityAutoConfiguration, org.springframework.boot.test.autoconfigure.web.servlet.MockMvcWebClientAutoConfiguration, org.springframework.boot.test.autoconfigure.web.servlet.MockMvcWebDriverAutoConfiguration]], org.springframework.boot.test.context.filter.ExcludeFilterContextCustomizer@47db50c5, org.springframework.boot.test.mock.mockito.MockitoContextCustomizer@6389f197, org.springframework.boot.test.autoconfigure.OverrideAutoConfigurationContextCustomizerFactory$DisableAutoConfigurationContextCustomizer@543788f3, org.springframework.boot.test.autoconfigure.filter.TypeExcludeFiltersContextCustomizer@3d7ce4d, org.springframework.boot.test.autoconfigure.properties.PropertyMappingContextCustomizer@ecaa5417, org.springframework.boot.test.autoconfigure.web.servlet.WebDriverContextCustomizerFactory$Customizer@70a9f84e], resourceBasePath = '', contextLoader = 'org.springframework.boot.test.context.SpringBootContextLoader', parent = [null]]], class annotated with @DirtiesContext [false] with mode [null].
11:02:07.497 [main] DEBUG org.springframework.test.annotation.ProfileValueUtils - Retrieved @ProfileValueSourceConfiguration [null] for test class [com.accenture.lkm.test.controller.MaterialControllerTest]
11:02:07.497 [main] DEBUG org.springframework.test.annotation.ProfileValueUtils - Retrieved ProfileValueSource type [class org.springframework.test.annotation.SystemProfileValueSource] for class [com.accenture.lkm.test.controller.MaterialControllerTest]
11:02:07.512 [main] DEBUG org.springframework.test.context.support.DependencyInjectionTestExecutionListener - Performing dependency injection for test context [[DefaultTestContext@43bc63a3 testClass = MaterialControllerTest, testInstance = com.accenture.lkm.test.controller.MaterialControllerTest@4c12331b, testMethod = [null], testException = [null], mergedContextConfiguration = [WebMergedContextConfiguration@702657cc testClass = MaterialControllerTest, locations = '{}', classes = '{class com.accenture.lkm.MaterialServiceApplication}', contextInitializerClasses = '[]', activeProfiles = '{}', propertySourceLocations = '{}', propertySourceProperties = '{org.springframework.boot.test.autoconfigure.web.servlet.WebMvcTestContextBootstrapper=true}', contextCustomizers = set[[ImportsContextCustomizer@6a6cb05c key = [Package Import com.accenture.lkm.test.controller, org.springframework.boot.autoconfigure.cache.CacheAutoConfiguration, org.springframework.boot.autoconfigure.context.MessageSourceAutoConfiguration, org.springframework.boot.autoconfigure.freemarker.FreeMarkerAutoConfiguration, org.springframework.boot.autoconfigure.groovy.template.GroovyTemplateAutoConfiguration, org.springframework.boot.autoconfigure.gson.GsonAutoConfiguration, org.springframework.boot.autoconfigure.hateoas.HypermediaAutoConfiguration, org.springframework.boot.autoconfigure.jackson.JacksonAutoConfiguration, org.springframework.boot.autoconfigure.mustache.MustacheAutoConfiguration, org.springframework.boot.autoconfigure.thymeleaf.ThymeleafAutoConfiguration, org.springframework.boot.autoconfigure.validation.ValidationAutoConfiguration, org.springframework.boot.autoconfigure.web.ErrorMvcAutoConfiguration, org.springframework.boot.autoconfigure.web.HttpMessageConvertersAutoConfiguration, org.springframework.boot.autoconfigure.web.ServerPropertiesAutoConfiguration, org.springframework.boot.autoconfigure.web.WebMvcAutoConfiguration, org.springframework.boot.test.autoconfigure.web.servlet.MockMvcAutoConfiguration, org.springframework.boot.test.autoconfigure.web.servlet.MockMvcSecurityAutoConfiguration, org.springframework.boot.test.autoconfigure.web.servlet.MockMvcWebClientAutoConfiguration, org.springframework.boot.test.autoconfigure.web.servlet.MockMvcWebDriverAutoConfiguration]], org.springframework.boot.test.context.filter.ExcludeFilterContextCustomizer@47db50c5, org.springframework.boot.test.mock.mockito.MockitoContextCustomizer@6389f197, org.springframework.boot.test.autoconfigure.OverrideAutoConfigurationContextCustomizerFactory$DisableAutoConfigurationContextCustomizer@543788f3, org.springframework.boot.test.autoconfigure.filter.TypeExcludeFiltersContextCustomizer@3d7ce4d, org.springframework.boot.test.autoconfigure.properties.PropertyMappingContextCustomizer@ecaa5417, org.springframework.boot.test.autoconfigure.web.servlet.WebDriverContextCustomizerFactory$Customizer@70a9f84e], resourceBasePath = '', contextLoader = 'org.springframework.boot.test.context.SpringBootContextLoader', parent = [null]]]].
11:02:07.622 [main] DEBUG org.springframework.core.env.StandardEnvironment - Adding [systemProperties] PropertySource with lowest search precedence
11:02:07.622 [main] DEBUG org.springframework.core.env.StandardEnvironment - Adding [systemEnvironment] PropertySource with lowest search precedence
11:02:07.622 [main] DEBUG org.springframework.core.env.StandardEnvironment - Initialized StandardEnvironment with PropertySources [systemProperties,systemEnvironment]
11:02:07.622 [main] DEBUG org.springframework.core.env.MutablePropertySources - Adding [inline] PropertySource with highest search precedence
11:02:07.638 [main] DEBUG org.springframework.test.context.support.TestPropertySourceUtils - Adding inlined properties to environment: {spring.jmx.enabled=false, org.springframework.boot.test.autoconfigure.web.servlet.WebMvcTestContextBootstrapper=true, server.port=-1}
11:02:07.638 [main] DEBUG org.springframework.core.env.StandardEnvironment - Adding [Inlined Test Properties] PropertySource with highest search precedence

  .   ____          _            __ _ _
 /\\ / ___'_ __ _ _(_)_ __  __ _ \ \ \ \
( ( )\___ | '_ | '_| | '_ \/ _` | \ \ \ \
 \\/  ___)| |_)| | | | | || (_| |  ) ) ) )
  '  |____| .__|_| |_|_| |_\__, | / / / /
 =========|_|==============|___/=/_/_/_/
 :: Spring Boot ::        (v1.5.2.RELEASE)

2024-09-05 11:02:08.159  INFO 8596 --- [           main] c.a.l.t.c.MaterialControllerTest         : Starting MaterialControllerTest on 172-31-79-157 with PID 8596 (started by Training1 in C:\Users\Training1\git\materialservice)
2024-09-05 11:02:08.159  INFO 8596 --- [           main] c.a.l.t.c.MaterialControllerTest         : The following profiles are active: prod
2024-09-05 11:02:08.206  INFO 8596 --- [           main] o.s.w.c.s.GenericWebApplicationContext   : Refreshing org.springframework.web.context.support.GenericWebApplicationContext@4470fbd6: startup date [Thu Sep 05 11:02:08 IST 2024]; root of context hierarchy
2024-09-05 11:02:10.647  INFO 8596 --- [           main] s.w.s.m.m.a.RequestMappingHandlerAdapter : Looking for @ControllerAdvice: org.springframework.web.context.support.GenericWebApplicationContext@4470fbd6: startup date [Thu Sep 05 11:02:08 IST 2024]; root of context hierarchy
2024-09-05 11:02:10.772  INFO 8596 --- [           main] s.w.s.m.m.a.RequestMappingHandlerMapping : Mapped "{[/],methods=[GET]}" onto public java.lang.String com.accenture.lkm.controller.MaterialController.index()
2024-09-05 11:02:10.787  INFO 8596 --- [           main] s.w.s.m.m.a.RequestMappingHandlerMapping : Mapped "{[/material/controller/getMaterialCategoryById/{categoryId}],methods=[GET],produces=[application/json]}" onto public org.springframework.http.ResponseEntity<com.accenture.lkm.business.bean.MaterialCategoryBean> com.accenture.lkm.controller.MaterialController.getMaterialCategoryById(java.lang.String)
2024-09-05 11:02:10.787  INFO 8596 --- [           main] s.w.s.m.m.a.RequestMappingHandlerMapping : Mapped "{[/material/controller/getMaterialCategories],methods=[GET],produces=[application/json]}" onto public org.springframework.http.ResponseEntity<java.util.List<com.accenture.lkm.business.bean.MaterialCategoryBean>> com.accenture.lkm.controller.MaterialController.getMaterialCategories()
2024-09-05 11:02:10.787  INFO 8596 --- [           main] s.w.s.m.m.a.RequestMappingHandlerMapping : Mapped "{[/error]}" onto public org.springframework.http.ResponseEntity<java.util.Map<java.lang.String, java.lang.Object>> org.springframework.boot.autoconfigure.web.BasicErrorController.error(javax.servlet.http.HttpServletRequest)
2024-09-05 11:02:10.787  INFO 8596 --- [           main] s.w.s.m.m.a.RequestMappingHandlerMapping : Mapped "{[/error],produces=[text/html]}" onto public org.springframework.web.servlet.ModelAndView org.springframework.boot.autoconfigure.web.BasicErrorController.errorHtml(javax.servlet.http.HttpServletRequest,javax.servlet.http.HttpServletResponse)
2024-09-05 11:02:10.850  INFO 8596 --- [           main] o.s.w.s.handler.SimpleUrlHandlerMapping  : Mapped URL path [/webjars/**] onto handler of type [class org.springframework.web.servlet.resource.ResourceHttpRequestHandler]
2024-09-05 11:02:10.850  INFO 8596 --- [           main] o.s.w.s.handler.SimpleUrlHandlerMapping  : Mapped URL path [/**] onto handler of type [class org.springframework.web.servlet.resource.ResourceHttpRequestHandler]
2024-09-05 11:02:10.928  INFO 8596 --- [           main] o.s.w.s.handler.SimpleUrlHandlerMapping  : Mapped URL path [/**/favicon.ico] onto handler of type [class org.springframework.web.servlet.resource.ResourceHttpRequestHandler]
2024-09-05 11:02:11.350  INFO 8596 --- [           main] o.s.b.t.m.w.SpringBootMockServletContext : Initializing Spring FrameworkServlet ''
2024-09-05 11:02:11.350  INFO 8596 --- [           main] o.s.t.web.servlet.TestDispatcherServlet  : FrameworkServlet '': initialization started
2024-09-05 11:02:11.381  INFO 8596 --- [           main] o.s.t.web.servlet.TestDispatcherServlet  : FrameworkServlet '': initialization completed in 31 ms
2024-09-05 11:02:11.506  INFO 8596 --- [           main] c.a.l.t.c.MaterialControllerTest         : Started MaterialControllerTest in 3.86 seconds (JVM running for 5.907)

MockHttpServletRequest:
      HTTP Method = GET
      Request URI = /
       Parameters = {}
          Headers = {}

Handler:
             Type = com.accenture.lkm.controller.MaterialController
           Method = public java.lang.String com.accenture.lkm.controller.MaterialController.index()

Async:
    Async started = false
     Async result = null

Resolved Exception:
             Type = null

ModelAndView:
        View name = null
             View = null
            Model = null

FlashMap:
       Attributes = null

MockHttpServletResponse:
           Status = 200
    Error message = null
          Headers = {Content-Type=[text/plain;charset=UTF-8], Content-Length=[50]}
     Content type = text/plain;charset=UTF-8
             Body = Hello,Welcome to Spring Boot Material Service API!
    Forwarded URL = null
   Redirected URL = null
          Cookies = []
]]></system-out>
  </testcase>
</testsuite>